Sheet Number : => 1 Location : => A1
Lat : => 1.0
Sheet Number : => 1 Location : => A1
Lng : => 180.0
Sheet Number : => 1 Location : => A1
Elv : => 948.88
Sheet Number : => 1 Location : => A1
Mrkr : => 1Comment
Sheet Number : => 1 Location : => A3
Lat : => 3.0
Sheet Number : => 1 Location : => A3
Lng : => 178.0
Sheet Number : => 1 Location : => A3
Elv : => 925.04
Sheet Number : => 1 Location : => A3
Mrkr : => 3Comment
Sheet Number : => 1 Location : => A2
Lat : => 2.0
Sheet Number : => 1 Location : => A2
Lng : => 179.0
Sheet Number : => 1 Location : => A2
Elv : => 889.39
Sheet Number : => 1 Location : => A2
Mrkr : => 2Comment
Sheet Number : => 1 Location : => A5
Lat : => 5.0
Sheet Number : => 1 Location : => A5
Lng : => 176.0
Sheet Number : => 1 Location : => A5
Elv : => 931.83
Sheet Number : => 1 Location : => A5
Mrkr : => 5Comment
Sheet Number : => 1 Location : => A4
Lat : => 4.0
Sheet Number : => 1 Location : => A4
Lng : => 177.0
Sheet Number : => 1 Location : => A4
Elv : => 925.67
Sheet Number : => 1 Location : => A4
Mrkr : => 4Comment
Sheet Number : => 1 Location : => A7
Lat : => 7.0
Sheet Number : => 1 Location : => A7
Lng : => 174.0
Sheet Number : => 1 Location : => A7
Elv : => 932.63
Sheet Number : => 1 Location : => A7
Mrkr : => 7Comment
Sheet Number : => 1 Location : => A6
Lat : => 6.0
Sheet Number : => 1 Location : => A6
Lng : => 175.0
Sheet Number : => 1 Location : => A6
Elv : => 934.78
Sheet Number : => 1 Location : => A6
Mrkr : => 6Comment
Sheet Number : => 1 Location : => A8
Lat : => 8.0
Sheet Number : => 1 Location : => A8
Lng : => 173.0
Sheet Number : => 1 Location : => A8
Elv : => 931.04
Sheet Number : => 1 Location : => A8
Mrkr : => 8Comment
Sheet Number : => 0 Location : => A51
Lat : => 13.06265
Sheet Number : => 0 Location : => A51
Lng : => 77.49952
Sheet Number : => 0 Location : => A51
Elv : => 912.47
Sheet Number : => 0 Location : => A51
Mrkr : => fuck
Sheet Number : => 0 Location : => A50
Lat : => 13.06493
Sheet Number : => 0 Location : => A50
Lng : => 77.49906
Sheet Number : => 0 Location : => A50
Elv : => 903.41
Sheet Number : => 0 Location : => A50
Mrkr : => fuck
Sheet Number : => 0 Location : => A53
Lat : => 13.05897
Sheet Number : => 0 Location : => A53
Lng : => 77.49862
Sheet Number : => 0 Location : => A53
Elv : => 900.3
Sheet Number : => 0 Location : => A53
Mrkr : => fuck
Sheet Number : => 0 Location : => A35
Lat : => 
Sheet Number : => 0 Location : => A35
Lng : => 
Sheet Number : => 0 Location : => A35
Elv : => 
Sheet Number : => 0 Location : => A35
Mrkr : => fuck
Sheet Number : => 0 Location : => A55
Lat : => 13.05491
Sheet Number : => 0 Location : => A55
Lng : => 77.4984
Sheet Number : => 0 Location : => A55
Elv : => 902.55
Sheet Number : => 0 Location : => A55
Mrkr : => fuck
Sheet Number : => 0 Location : => A54
Lat : => 13.05747
Sheet Number : => 0 Location : => A54
Lng : => 77.49887
Sheet Number : => 0 Location : => A54
Elv : => 901.54
Sheet Number : => 0 Location : => A54
Mrkr : => fuck
Sheet Number : => 0 Location : => A56
Lat : => 13.05337
Sheet Number : => 0 Location : => A56
Lng : => 77.49901
Sheet Number : => 0 Location : => A56
Elv : => 903.6
Sheet Number : => 0 Location : => A56
Mrkr : => fuck
Sheet Number : => 0 Location : => A15
Lat : => 13.0373
Sheet Number : => 0 Location : => A15
Lng : => 77.51837
Sheet Number : => 0 Location : => A15
Elv : => 910.88
Sheet Number : => 0 Location : => A15
Mrkr : => fuck
Sheet Number : => 0 Location : => A14
Lat : => 13.03586
Sheet Number : => 0 Location : => A14
Lng : => 77.51835
Sheet Number : => 0 Location : => A14
Elv : => 909.91
Sheet Number : => 0 Location : => A14
Mrkr : => fuck
Sheet Number : => 0 Location : => A17
Lat : => 13.04013
Sheet Number : => 0 Location : => A17
Lng : => 77.5192
Sheet Number : => 0 Location : => A17
Elv : => 916.51
Sheet Number : => 0 Location : => A17
Mrkr : => fuck
Sheet Number : => 0 Location : => A16
Lat : => 13.03934
Sheet Number : => 0 Location : => A16
Lng : => 77.51882
Sheet Number : => 0 Location : => A16
Elv : => 912.69
Sheet Number : => 0 Location : => A16
Mrkr : => fuck
Sheet Number : => 0 Location : => A11
Lat : => 13.0334
Sheet Number : => 0 Location : => A11
Lng : => 77.52094
Sheet Number : => 0 Location : => A11
Elv : => 918.15
Sheet Number : => 0 Location : => A11
Mrkr : => fuck
Sheet Number : => 0 Location : => A10
Lat : => 13.033
Sheet Number : => 0 Location : => A10
Lng : => 77.52267
Sheet Number : => 0 Location : => A10
Elv : => 921.12
Sheet Number : => 0 Location : => A10
Mrkr : => fuck
Sheet Number : => 0 Location : => A13
Lat : => 13.03408
Sheet Number : => 0 Location : => A13
Lng : => 77.51802
Sheet Number : => 0 Location : => A13
Elv : => 910.67
Sheet Number : => 0 Location : => A13
Mrkr : => fuck
Sheet Number : => 0 Location : => A12
Lat : => 13.03367
Sheet Number : => 0 Location : => A12
Lng : => 77.51947
Sheet Number : => 0 Location : => A12
Elv : => 915.05
Sheet Number : => 0 Location : => A12
Mrkr : => fuck
Sheet Number : => 0 Location : => A39
Lat : => 13.0613
Sheet Number : => 0 Location : => A39
Lng : => 77.50637
Sheet Number : => 0 Location : => A39
Elv : => 916.22
Sheet Number : => 0 Location : => A39
Mrkr : => fuck
Sheet Number : => 0 Location : => A38
Lat : => 13.0594
Sheet Number : => 0 Location : => A38
Lng : => 77.50702
Sheet Number : => 0 Location : => A38
Elv : => 920.1
Sheet Number : => 0 Location : => A38
Mrkr : => fuck
Sheet Number : => 0 Location : => A19
Lat : => 13.04201
Sheet Number : => 0 Location : => A19
Lng : => 77.5195
Sheet Number : => 0 Location : => A19
Elv : => 924.66
Sheet Number : => 0 Location : => A19
Mrkr : => fuck
Sheet Number : => 0 Location : => A18
Lat : => 13.04082
Sheet Number : => 0 Location : => A18
Lng : => 77.51956
Sheet Number : => 0 Location : => A18
Elv : => 919.17
Sheet Number : => 0 Location : => A18
Mrkr : => fuck
Sheet Number : => 0 Location : => A1
Lat : => 13.02941
Sheet Number : => 0 Location : => A1
Lng : => 77.52747
Sheet Number : => 0 Location : => A1
Elv : => 948.88
Sheet Number : => 0 Location : => A1
Mrkr : => fuck
Sheet Number : => 0 Location : => A3
Lat : => 13.03062
Sheet Number : => 0 Location : => A3
Lng : => 77.52901
Sheet Number : => 0 Location : => A3
Elv : => 925.04
Sheet Number : => 0 Location : => A3
Mrkr : => fuck
Sheet Number : => 0 Location : => A2
Lat : => 13.02957
Sheet Number : => 0 Location : => A2
Lng : => 77.52867
Sheet Number : => 0 Location : => A2
Elv : => 889.39
Sheet Number : => 0 Location : => A2
Mrkr : => fuck
Sheet Number : => 0 Location : => A5
Lat : => 13.03218
Sheet Number : => 0 Location : => A5
Lng : => 77.52776
Sheet Number : => 0 Location : => A5
Elv : => 931.83
Sheet Number : => 0 Location : => A5
Mrkr : => fuck
Sheet Number : => 0 Location : => A4
Lat : => 13.03164
Sheet Number : => 0 Location : => A4
Lng : => 77.52931
Sheet Number : => 0 Location : => A4
Elv : => 925.67
Sheet Number : => 0 Location : => A4
Mrkr : => fuck
Sheet Number : => 0 Location : => A7
Lat : => 13.03289
Sheet Number : => 0 Location : => A7
Lng : => 77.52561
Sheet Number : => 0 Location : => A7
Elv : => 932.63
Sheet Number : => 0 Location : => A7
Mrkr : => fuck
Sheet Number : => 0 Location : => A6
Lat : => 13.03256
Sheet Number : => 0 Location : => A6
Lng : => 77.52658
Sheet Number : => 0 Location : => A6
Elv : => 934.78
Sheet Number : => 0 Location : => A6
Mrkr : => fuck
Sheet Number : => 0 Location : => A9
Lat : => 13.03271
Sheet Number : => 0 Location : => A9
Lng : => 77.524
Sheet Number : => 0 Location : => A9
Elv : => 928.14
Sheet Number : => 0 Location : => A9
Mrkr : => fuck
Sheet Number : => 0 Location : => A8
Lat : => 13.03319
Sheet Number : => 0 Location : => A8
Lng : => 77.52467
Sheet Number : => 0 Location : => A8
Elv : => 931.04
Sheet Number : => 0 Location : => A8
Mrkr : => fuck
Sheet Number : => 0 Location : => A49
Lat : => 13.06653
Sheet Number : => 0 Location : => A49
Lng : => 77.49947
Sheet Number : => 0 Location : => A49
Elv : => 914.14
Sheet Number : => 0 Location : => A49
Mrkr : => fuck
Sheet Number : => 0 Location : => A33
Lat : => 13.05502
Sheet Number : => 0 Location : => A33
Lng : => 77.50921
Sheet Number : => 0 Location : => A33
Elv : => 905.36
Sheet Number : => 0 Location : => A33
Mrkr : => fuck
Sheet Number : => 0 Location : => A52
Lat : => 13.06089
Sheet Number : => 0 Location : => A52
Lng : => 77.49895
Sheet Number : => 0 Location : => A52
Elv : => 909.7
Sheet Number : => 0 Location : => A52
Mrkr : => fuck
Sheet Number : => 0 Location : => A32
Lat : => 13.05429
Sheet Number : => 0 Location : => A32
Lng : => 77.50979
Sheet Number : => 0 Location : => A32
Elv : => 921.29
Sheet Number : => 0 Location : => A32
Mrkr : => fuck
Sheet Number : => 0 Location : => A31
Lat : => 13.05335
Sheet Number : => 0 Location : => A31
Lng : => 77.51057
Sheet Number : => 0 Location : => A31
Elv : => 922.11
Sheet Number : => 0 Location : => A31
Mrkr : => fuck
Sheet Number : => 0 Location : => A46
Lat : => 13.07009
Sheet Number : => 0 Location : => A46
Lng : => 77.502
Sheet Number : => 0 Location : => A46
Elv : => 948.86
Sheet Number : => 0 Location : => A46
Mrkr : => fuck
Sheet Number : => 0 Location : => A47
Lat : => 13.06999
Sheet Number : => 0 Location : => A47
Lng : => 77.50182
Sheet Number : => 0 Location : => A47
Elv : => 945.15
Sheet Number : => 0 Location : => A47
Mrkr : => fuck
Sheet Number : => 0 Location : => A44
Lat : => 13.06899
Sheet Number : => 0 Location : => A44
Lng : => 77.5034
Sheet Number : => 0 Location : => A44
Elv : => 912.39
Sheet Number : => 0 Location : => A44
Mrkr : => fuck
Sheet Number : => 0 Location : => A30
Lat : => 13.05247
Sheet Number : => 0 Location : => A30
Lng : => 77.51119
Sheet Number : => 0 Location : => A30
Elv : => 921.46
Sheet Number : => 0 Location : => A30
Mrkr : => fuck
Sheet Number : => 0 Location : => A42
Lat : => 13.06562
Sheet Number : => 0 Location : => A42
Lng : => 77.50469
Sheet Number : => 0 Location : => A42
Elv : => 898.96
Sheet Number : => 0 Location : => A42
Mrkr : => fuck
Sheet Number : => 0 Location : => A43
Lat : => 13.06832
Sheet Number : => 0 Location : => A43
Lng : => 77.50368
Sheet Number : => 0 Location : => A43
Elv : => 910.09
Sheet Number : => 0 Location : => A43
Mrkr : => fuck
Sheet Number : => 0 Location : => A40
Lat : => 13.06165
Sheet Number : => 0 Location : => A40
Lng : => 77.50621
Sheet Number : => 0 Location : => A40
Elv : => 916.53
Sheet Number : => 0 Location : => A40
Mrkr : => fuck
Sheet Number : => 0 Location : => A41
Lat : => 13.06356
Sheet Number : => 0 Location : => A41
Lng : => 77.50549
Sheet Number : => 0 Location : => A41
Elv : => 899.88
Sheet Number : => 0 Location : => A41
Mrkr : => fuck
Sheet Number : => 0 Location : => A37
Lat : => 13.05819
Sheet Number : => 0 Location : => A37
Lng : => 77.50752
Sheet Number : => 0 Location : => A37
Elv : => 919.16
Sheet Number : => 0 Location : => A37
Mrkr : => fuck
Sheet Number : => 0 Location : => A48
Lat : => 13.06886
Sheet Number : => 0 Location : => A48
Lng : => 77.49984
Sheet Number : => 0 Location : => A48
Elv : => 923.38
Sheet Number : => 0 Location : => A48
Mrkr : => fuck
Sheet Number : => 0 Location : => A36
Lat : => 
Sheet Number : => 0 Location : => A36
Lng : => 
Sheet Number : => 0 Location : => A36
Elv : => 
Sheet Number : => 0 Location : => A36
Mrkr : => fuck
Sheet Number : => 0 Location : => A20
Lat : => 
Sheet Number : => 0 Location : => A20
Lng : => 
Sheet Number : => 0 Location : => A20
Elv : => 
Sheet Number : => 0 Location : => A20
Mrkr : => fuck
Sheet Number : => 0 Location : => A21
Lat : => 13.04477
Sheet Number : => 0 Location : => A21
Lng : => 77.51789
Sheet Number : => 0 Location : => A21
Elv : => 921.96
Sheet Number : => 0 Location : => A21
Mrkr : => fuck
Sheet Number : => 0 Location : => A22
Lat : => 13.0445
Sheet Number : => 0 Location : => A22
Lng : => 77.51753
Sheet Number : => 0 Location : => A22
Elv : => 921.54
Sheet Number : => 0 Location : => A22
Mrkr : => fuck
Sheet Number : => 0 Location : => A23
Lat : => 13.04527
Sheet Number : => 0 Location : => A23
Lng : => 77.51688
Sheet Number : => 0 Location : => A23
Elv : => 918.16
Sheet Number : => 0 Location : => A23
Mrkr : => fuck
Sheet Number : => 0 Location : => A24
Lat : => 13.04695
Sheet Number : => 0 Location : => A24
Lng : => 77.51559
Sheet Number : => 0 Location : => A24
Elv : => 914.93
Sheet Number : => 0 Location : => A24
Mrkr : => fuck
Sheet Number : => 0 Location : => A25
Lat : => 13.0476
Sheet Number : => 0 Location : => A25
Lng : => 77.5151
Sheet Number : => 0 Location : => A25
Elv : => 917.99
Sheet Number : => 0 Location : => A25
Mrkr : => fuck
Sheet Number : => 0 Location : => A26
Lat : => 13.04852
Sheet Number : => 0 Location : => A26
Lng : => 77.51346
Sheet Number : => 0 Location : => A26
Elv : => 920.91
Sheet Number : => 0 Location : => A26
Mrkr : => fuck
Sheet Number : => 0 Location : => A27
Lat : => 13.04921
Sheet Number : => 0 Location : => A27
Lng : => 77.51374
Sheet Number : => 0 Location : => A27
Elv : => 920.59
Sheet Number : => 0 Location : => A27
Mrkr : => fuck
Sheet Number : => 0 Location : => A28
Lat : => 13.05027
Sheet Number : => 0 Location : => A28
Lng : => 77.51293
Sheet Number : => 0 Location : => A28
Elv : => 918.13
Sheet Number : => 0 Location : => A28
Mrkr : => fuck
Sheet Number : => 0 Location : => A29
Lat : => 13.0514
Sheet Number : => 0 Location : => A29
Lng : => 77.51206
Sheet Number : => 0 Location : => A29
Elv : => 919.15
Sheet Number : => 0 Location : => A29
Mrkr : => fuck
Sheet Number : => 0 Location : => A34
Lat : => 13.05624
Sheet Number : => 0 Location : => A34
Lng : => 77.50839
Sheet Number : => 0 Location : => A34
Elv : => 929.63
Sheet Number : => 0 Location : => A34
Mrkr : => fuck
Sheet Number : => 0 Location : => A45
Lat : => 13.06916
Sheet Number : => 0 Location : => A45
Lng : => 77.5024
Sheet Number : => 0 Location : => A45
Elv : => 939.99
Sheet Number : => 0 Location : => A45
Mrkr : => fuck
